2019-01-06 11:11:03,398 INFO  [main] com.unieap.EurekaRibbonServerApplication : The following profiles are active: prod
2019-01-06 11:11:07,817 INFO  [main] org.apache.catalina.core.StandardService : Starting service [Tomcat]
2019-01-06 11:11:07,817 INFO  [main] org.apache.catalina.core.StandardEngine : Starting Servlet Engine: Apache Tomcat/8.5.31
2019-01-06 11:11:07,837 INFO  [localhost-startStop-1] org.apache.catalina.core.AprLifecycleListener : The APR based Apache Tomcat Native library which allows optimal performance in production environments was not found on the java.library.path: [C:\Program Files\Java\jdk1.8.0_73\bin;C:\WINDOWS\Sun\Java\bin;C:\WINDOWS\system32;C:\WINDOWS;C:/Program Files/Java/jre1.8.0_161/bin/server;C:/Program Files/Java/jre1.8.0_161/bin;C:/Program Files/Java/jre1.8.0_161/lib/amd64;C:\ProgramData\Oracle\Java\javapath;C:\WINDOWS\system32;C:\WINDOWS;C:\WINDOWS\System32\Wbem;C:\WINDOWS\System32\WindowsPowerShell\v1.0\;C:\WINDOWS\System32\OpenSSH\;";C:\Program Files\Java\jdk1.8.0_73\bin;C:\Program Files\Java\jdk1.8.0_73\jre\bin;";C:\Users\Thinkpad\AppData\Local\Microsoft\WindowsApps;;C:\Users\Thinkpad\Desktop;;.]
2019-01-06 11:11:08,299 INFO  [localhost-startStop-1] org.apache.catalina.core.ContainerBase.[Tomcat].[localhost].[/] : Initializing Spring embedded WebApplicationContext
2019-01-06 11:11:09,085 WARN  [localhost-startStop-1] com.netflix.config.sources.URLConfigurationSource : No URLs will be polled as dynamic configuration sources.
2019-01-06 11:11:09,085 INFO  [localhost-startStop-1] com.netflix.config.sources.URLConfigurationSource : To enable URLs as dynamic configuration sources, define System property archaius.configurationSource.additionalUrls or make config.properties available on classpath.
2019-01-06 11:11:09,121 INFO  [localhost-startStop-1] com.netflix.config.DynamicPropertyFactory : DynamicPropertyFactory is initialized with configuration sources: com.netflix.config.ConcurrentCompositeConfiguration@7e474d77
2019-01-06 11:11:12,301 WARN  [main] com.netflix.config.sources.URLConfigurationSource : No URLs will be polled as dynamic configuration sources.
2019-01-06 11:11:12,302 INFO  [main] com.netflix.config.sources.URLConfigurationSource : To enable URLs as dynamic configuration sources, define System property archaius.configurationSource.additionalUrls or make config.properties available on classpath.
2019-01-06 11:11:14,538 INFO  [main] com.netflix.discovery.DiscoveryClient : Initializing Eureka in region us-east-1
2019-01-06 11:11:14,814 INFO  [main] com.netflix.discovery.provider.DiscoveryJerseyProvider : Using JSON encoding codec LegacyJacksonJson
2019-01-06 11:11:14,815 INFO  [main] com.netflix.discovery.provider.DiscoveryJerseyProvider : Using JSON decoding codec LegacyJacksonJson
2019-01-06 11:11:15,177 INFO  [main] com.netflix.discovery.provider.DiscoveryJerseyProvider : Using XML encoding codec XStreamXml
2019-01-06 11:11:15,178 INFO  [main] com.netflix.discovery.provider.DiscoveryJerseyProvider : Using XML decoding codec XStreamXml
2019-01-06 11:11:16,006 INFO  [main] com.netflix.discovery.shared.resolver.aws.ConfigClusterResolver : Resolving eureka endpoints via configuration
2019-01-06 11:11:16,320 INFO  [main] com.netflix.discovery.DiscoveryClient : Disable delta property : false
2019-01-06 11:11:16,321 INFO  [main] com.netflix.discovery.DiscoveryClient : Single vip registry refresh property : null
2019-01-06 11:11:16,321 INFO  [main] com.netflix.discovery.DiscoveryClient : Force full registry fetch : false
2019-01-06 11:11:16,321 INFO  [main] com.netflix.discovery.DiscoveryClient : Application is null : false
2019-01-06 11:11:16,321 INFO  [main] com.netflix.discovery.DiscoveryClient : Registered Applications size is zero : true
2019-01-06 11:11:16,321 INFO  [main] com.netflix.discovery.DiscoveryClient : Application version is -1: true
2019-01-06 11:11:16,321 INFO  [main] com.netflix.discovery.DiscoveryClient : Getting all instance registry info from the eureka server
2019-01-06 11:11:16,736 INFO  [main] com.netflix.discovery.DiscoveryClient : The response status is 200
2019-01-06 11:11:16,742 INFO  [main] com.netflix.discovery.DiscoveryClient : Starting heartbeat executor: renew interval is: 30
2019-01-06 11:11:16,751 INFO  [main] com.netflix.discovery.InstanceInfoReplicator : InstanceInfoReplicator onDemand update allowed rate per min is 4
2019-01-06 11:11:16,761 INFO  [main] com.netflix.discovery.DiscoveryClient : Discovery Client initialized at timestamp 1546744276758 with initial instances count: 2
2019-01-06 11:11:16,773 INFO  [main] com.netflix.discovery.DiscoveryClient : Saw local status change event StatusChangeEvent [timestamp=1546744276773, current=UP, previous=STARTING]
2019-01-06 11:11:16,777 WARN  [main] com.netflix.discovery.InstanceInfoReplicator : Ignoring onDemand update due to rate limiter
2019-01-06 11:11:16,780 INFO  [DiscoveryClient-InstanceInfoReplicator-0] com.netflix.discovery.DiscoveryClient : DiscoveryClient_EUREKA-RIBBON-SERVICE/Caiqiufu:eureka-ribbon-service:8765: registering service...
2019-01-06 11:11:16,917 INFO  [DiscoveryClient-InstanceInfoReplicator-0] com.netflix.discovery.DiscoveryClient : DiscoveryClient_EUREKA-RIBBON-SERVICE/Caiqiufu:eureka-ribbon-service:8765 - registration status: 204
2019-01-06 11:11:16,983 INFO  [main] com.unieap.EurekaRibbonServerApplication : Started EurekaRibbonServerApplication in 19.219 seconds (JVM running for 20.94)
2019-01-06 11:16:16,326 INFO  [AsyncResolver-bootstrap-executor-0] com.netflix.discovery.shared.resolver.aws.ConfigClusterResolver : Resolving eureka endpoints via configuration
2019-01-06 11:21:16,329 INFO  [AsyncResolver-bootstrap-executor-0] com.netflix.discovery.shared.resolver.aws.ConfigClusterResolver : Resolving eureka endpoints via configuration
2019-01-06 11:26:16,331 INFO  [AsyncResolver-bootstrap-executor-0] com.netflix.discovery.shared.resolver.aws.ConfigClusterResolver : Resolving eureka endpoints via configuration
2019-01-06 17:12:45,841 INFO  [main] com.unieap.EurekaRibbonServerApplication : The following profiles are active: prod
2019-01-06 17:12:50,605 INFO  [main] org.apache.catalina.core.StandardService : Starting service [Tomcat]
2019-01-06 17:12:50,606 INFO  [main] org.apache.catalina.core.StandardEngine : Starting Servlet Engine: Apache Tomcat/8.5.31
2019-01-06 17:12:50,635 INFO  [localhost-startStop-1] org.apache.catalina.core.AprLifecycleListener : The APR based Apache Tomcat Native library which allows optimal performance in production environments was not found on the java.library.path: [C:\Program Files\Java\jdk1.8.0_73\bin;C:\WINDOWS\Sun\Java\bin;C:\WINDOWS\system32;C:\WINDOWS;C:/Program Files/Java/jre1.8.0_161/bin/server;C:/Program Files/Java/jre1.8.0_161/bin;C:/Program Files/Java/jre1.8.0_161/lib/amd64;C:\ProgramData\Oracle\Java\javapath;C:\WINDOWS\system32;C:\WINDOWS;C:\WINDOWS\System32\Wbem;C:\WINDOWS\System32\WindowsPowerShell\v1.0\;C:\WINDOWS\System32\OpenSSH\;";C:\Program Files\Java\jdk1.8.0_73\bin;C:\Program Files\Java\jdk1.8.0_73\jre\bin;";C:\Users\Thinkpad\AppData\Local\Microsoft\WindowsApps;;C:\Users\Thinkpad\Desktop;;.]
2019-01-06 17:12:51,273 INFO  [localhost-startStop-1] org.apache.catalina.core.ContainerBase.[Tomcat].[localhost].[/] : Initializing Spring embedded WebApplicationContext
2019-01-06 17:12:52,151 WARN  [localhost-startStop-1] com.netflix.config.sources.URLConfigurationSource : No URLs will be polled as dynamic configuration sources.
2019-01-06 17:12:52,151 INFO  [localhost-startStop-1] com.netflix.config.sources.URLConfigurationSource : To enable URLs as dynamic configuration sources, define System property archaius.configurationSource.additionalUrls or make config.properties available on classpath.
2019-01-06 17:12:52,203 INFO  [localhost-startStop-1] com.netflix.config.DynamicPropertyFactory : DynamicPropertyFactory is initialized with configuration sources: com.netflix.config.ConcurrentCompositeConfiguration@2ad25186
2019-01-06 17:12:55,741 WARN  [main] com.netflix.config.sources.URLConfigurationSource : No URLs will be polled as dynamic configuration sources.
2019-01-06 17:12:55,742 INFO  [main] com.netflix.config.sources.URLConfigurationSource : To enable URLs as dynamic configuration sources, define System property archaius.configurationSource.additionalUrls or make config.properties available on classpath.
2019-01-06 17:12:58,996 INFO  [main] com.netflix.discovery.DiscoveryClient : Initializing Eureka in region us-east-1
2019-01-06 17:12:59,460 INFO  [main] com.netflix.discovery.provider.DiscoveryJerseyProvider : Using JSON encoding codec LegacyJacksonJson
2019-01-06 17:12:59,461 INFO  [main] com.netflix.discovery.provider.DiscoveryJerseyProvider : Using JSON decoding codec LegacyJacksonJson
2019-01-06 17:12:59,823 INFO  [main] com.netflix.discovery.provider.DiscoveryJerseyProvider : Using XML encoding codec XStreamXml
2019-01-06 17:12:59,824 INFO  [main] com.netflix.discovery.provider.DiscoveryJerseyProvider : Using XML decoding codec XStreamXml
2019-01-06 17:13:00,435 INFO  [main] com.netflix.discovery.shared.resolver.aws.ConfigClusterResolver : Resolving eureka endpoints via configuration
2019-01-06 17:13:00,819 INFO  [main] com.netflix.discovery.DiscoveryClient : Disable delta property : false
2019-01-06 17:13:00,819 INFO  [main] com.netflix.discovery.DiscoveryClient : Single vip registry refresh property : null
2019-01-06 17:13:00,819 INFO  [main] com.netflix.discovery.DiscoveryClient : Force full registry fetch : false
2019-01-06 17:13:00,819 INFO  [main] com.netflix.discovery.DiscoveryClient : Application is null : false
2019-01-06 17:13:00,819 INFO  [main] com.netflix.discovery.DiscoveryClient : Registered Applications size is zero : true
2019-01-06 17:13:00,819 INFO  [main] com.netflix.discovery.DiscoveryClient : Application version is -1: true
2019-01-06 17:13:00,819 INFO  [main] com.netflix.discovery.DiscoveryClient : Getting all instance registry info from the eureka server
2019-01-06 17:13:01,196 INFO  [main] com.netflix.discovery.DiscoveryClient : The response status is 200
2019-01-06 17:13:01,199 INFO  [main] com.netflix.discovery.DiscoveryClient : Starting heartbeat executor: renew interval is: 30
2019-01-06 17:13:01,208 INFO  [main] com.netflix.discovery.InstanceInfoReplicator : InstanceInfoReplicator onDemand update allowed rate per min is 4
2019-01-06 17:13:01,216 INFO  [main] com.netflix.discovery.DiscoveryClient : Discovery Client initialized at timestamp 1546765981214 with initial instances count: 0
2019-01-06 17:13:01,231 INFO  [main] com.netflix.discovery.DiscoveryClient : Saw local status change event StatusChangeEvent [timestamp=1546765981231, current=UP, previous=STARTING]
2019-01-06 17:13:01,233 WARN  [main] com.netflix.discovery.InstanceInfoReplicator : Ignoring onDemand update due to rate limiter
2019-01-06 17:13:01,364 INFO  [DiscoveryClient-InstanceInfoReplicator-0] com.netflix.discovery.DiscoveryClient : DiscoveryClient_EUREKA-RIBBON-SERVICE/Caiqiufu:eureka-ribbon-service:8765: registering service...
2019-01-06 17:13:01,938 INFO  [main] com.unieap.EurekaRibbonServerApplication : Started EurekaRibbonServerApplication in 21.701 seconds (JVM running for 23.5)
2019-01-06 17:13:02,137 INFO  [DiscoveryClient-InstanceInfoReplicator-0] com.netflix.discovery.DiscoveryClient : DiscoveryClient_EUREKA-RIBBON-SERVICE/Caiqiufu:eureka-ribbon-service:8765 - registration status: 204
2019-01-06 17:13:31,203 INFO  [DiscoveryClient-CacheRefreshExecutor-0] com.netflix.discovery.DiscoveryClient : Disable delta property : false
2019-01-06 17:13:31,204 INFO  [DiscoveryClient-CacheRefreshExecutor-0] com.netflix.discovery.DiscoveryClient : Single vip registry refresh property : null
2019-01-06 17:13:31,205 INFO  [DiscoveryClient-CacheRefreshExecutor-0] com.netflix.discovery.DiscoveryClient : Force full registry fetch : false
2019-01-06 17:13:31,206 INFO  [DiscoveryClient-CacheRefreshExecutor-0] com.netflix.discovery.DiscoveryClient : Application is null : false
2019-01-06 17:13:31,207 INFO  [DiscoveryClient-CacheRefreshExecutor-0] com.netflix.discovery.DiscoveryClient : Registered Applications size is zero : true
2019-01-06 17:13:31,208 INFO  [DiscoveryClient-CacheRefreshExecutor-0] com.netflix.discovery.DiscoveryClient : Application version is -1: false
2019-01-06 17:13:31,208 INFO  [DiscoveryClient-CacheRefreshExecutor-0] com.netflix.discovery.DiscoveryClient : Getting all instance registry info from the eureka server
2019-01-06 17:13:31,341 INFO  [DiscoveryClient-CacheRefreshExecutor-0] com.netflix.discovery.DiscoveryClient : The response status is 200
2019-01-06 17:18:00,827 INFO  [AsyncResolver-bootstrap-executor-0] com.netflix.discovery.shared.resolver.aws.ConfigClusterResolver : Resolving eureka endpoints via configuration
2019-01-06 17:23:00,830 INFO  [AsyncResolver-bootstrap-executor-0] com.netflix.discovery.shared.resolver.aws.ConfigClusterResolver : Resolving eureka endpoints via configuration
2019-01-06 17:26:11,485 INFO  [http-nio-172.30.8.253-8765-exec-1] org.apache.catalina.core.ContainerBase.[Tomcat].[localhost].[/] : Initializing Spring FrameworkServlet 'dispatcherServlet'
2019-01-06 17:26:12,617 INFO  [http-nio-172.30.8.253-8765-exec-1] com.netflix.config.ChainedDynamicProperty : Flipping property: UNIEAP-ESB.ribbon.ActiveConnectionsLimit to use NEXT property: niws.loadbalancer.availabilityFilteringRule.activeConnectionsLimit = 2147483647
2019-01-06 17:26:12,681 INFO  [http-nio-172.30.8.253-8765-exec-1] com.netflix.util.concurrent.ShutdownEnabledTimer : Shutdown hook installed for: NFLoadBalancer-PingTimer-UNIEAP-ESB
2019-01-06 17:26:12,752 INFO  [http-nio-172.30.8.253-8765-exec-1] com.netflix.loadbalancer.BaseLoadBalancer : Client: UNIEAP-ESB instantiated a LoadBalancer: DynamicServerListLoadBalancer:{NFLoadBalancer:name=UNIEAP-ESB,current list of Servers=[],Load balancer stats=Zone stats: {},Server stats: []}ServerList:null
2019-01-06 17:26:12,766 INFO  [http-nio-172.30.8.253-8765-exec-1] com.netflix.loadbalancer.DynamicServerListLoadBalancer : Using serverListUpdater PollingServerListUpdater
2019-01-06 17:26:12,822 INFO  [http-nio-172.30.8.253-8765-exec-1] com.netflix.config.ChainedDynamicProperty : Flipping property: UNIEAP-ESB.ribbon.ActiveConnectionsLimit to use NEXT property: niws.loadbalancer.availabilityFilteringRule.activeConnectionsLimit = 2147483647
2019-01-06 17:26:12,828 INFO  [http-nio-172.30.8.253-8765-exec-1] com.netflix.loadbalancer.DynamicServerListLoadBalancer : DynamicServerListLoadBalancer for client UNIEAP-ESB initialized: DynamicServerListLoadBalancer:{NFLoadBalancer:name=UNIEAP-ESB,current list of Servers=[172.30.8.253:8100],Load balancer stats=Zone stats: {defaultzone=[Zone:defaultzone;	Instance count:1;	Active connections count: 0;	Circuit breaker tripped count: 0;	Active connections per server: 0.0;]
},Server stats: [[Server:172.30.8.253:8100;	Zone:defaultZone;	Total Requests:0;	Successive connection failure:0;	Total blackout seconds:0;	Last connection made:Thu Jan 01 08:00:00 CST 1970;	First connection made: Thu Jan 01 08:00:00 CST 1970;	Active Connections:0;	total failure count in last (1000) msecs:0;	average resp time:0.0;	90 percentile resp time:0.0;	95 percentile resp time:0.0;	min resp time:0.0;	max resp time:0.0;	stddev resp time:0.0]
]}ServerList:org.springframework.cloud.netflix.ribbon.eureka.DomainExtractingServerList@73cca133
2019-01-06 17:26:13,837 INFO  [PollingServerListUpdater-0] com.netflix.config.ChainedDynamicProperty : Flipping property: UNIEAP-ESB.ribbon.ActiveConnectionsLimit to use NEXT property: niws.loadbalancer.availabilityFilteringRule.activeConnectionsLimit = 2147483647
2019-01-06 17:28:00,832 INFO  [AsyncResolver-bootstrap-executor-0] com.netflix.discovery.shared.resolver.aws.ConfigClusterResolver : Resolving eureka endpoints via configuration
